<?xml version="1.0" encoding="UTF-8"?>
<!-- Generated by org.testng.reporters.JUnitReportReporter -->
<testsuite hostname="Nik" failures="0" tests="3" name="com.simplilearn.phase2.Phase2_selenium_tetsng.TestNgStandardAnnotaion" time="0.005" errors="0" timestamp="2023-12-20T16:52:55 IST" skipped="1">
  <testcase classname="com.simplilearn.phase2.Phase2_selenium_tetsng.TestNgStandardAnnotaion" name="testOne" time="0.002"/>
  <testcase classname="com.simplilearn.phase2.Phase2_selenium_tetsng.TestNgStandardAnnotaion" name="testTwo" time="0.003"/>
  <testcase classname="com.simplilearn.phase2.Phase2_selenium_tetsng.TestNgStandardAnnotaion" name="testThree">
    <skipped/>
  </testcase> <!-- testThree -->
</testsuite> <!-- com.simplilearn.phase2.Phase2_selenium_tetsng.TestNgStandardAnnotaion -->
