<?xml version="1.0" encoding="UTF-8"?>
<!-- Generated by org.testng.reporters.JUnitReportReporter -->
<testsuite hostname="Nik" failures="0" tests="2" name="com.simplilearn.phase2.Phase2_selenium_tetsng.AmazonLinkVerificationByCss" time="18.391" errors="0" timestamp="2023-12-20T16:52:55 IST" skipped="0">
  <testcase classname="com.simplilearn.phase2.Phase2_selenium_tetsng.AmazonLinkVerificationByCss" name="tdLinkTest2" time="8.512"/>
  <testcase classname="com.simplilearn.phase2.Phase2_selenium_tetsng.AmazonLinkVerificationByCss" name="tdLinkTest1" time="9.879"/>
</testsuite> <!-- com.simplilearn.phase2.Phase2_selenium_tetsng.AmazonLinkVerificationByCss -->
