<?xml version="1.0" encoding="UTF-8"?>
<!-- Generated by org.testng.reporters.JUnitReportReporter -->
<testsuite hostname="Nik" failures="0" tests="3" name="com.simplilearn.phase2.Phase2_selenium_tetsng.AssertionTest" time="0.018" errors="0" timestamp="2023-12-20T16:52:55 IST" skipped="0">
  <testcase classname="com.simplilearn.phase2.Phase2_selenium_tetsng.AssertionTest" name="testAsserts" time="0.001"/>
  <testcase classname="com.simplilearn.phase2.Phase2_selenium_tetsng.AssertionTest" name="hardAssertTest" time="0.001"/>
  <testcase classname="com.simplilearn.phase2.Phase2_selenium_tetsng.AssertionTest" name="softAssertTest" time="0.016"/>
</testsuite> <!-- com.simplilearn.phase2.Phase2_selenium_tetsng.AssertionTest -->
