<?xml version="1.0" encoding="UTF-8"?>
<!-- Generated by org.testng.reporters.JUnitReportReporter -->
<testsuite hostname="Nik" failures="0" tests="3" name="com.simplilearn.phase2.Phase2_selenium_tetsng.amazonHomepageTest" time="23.404" errors="0" timestamp="2023-12-20T16:52:55 IST" skipped="0">
  <testcase classname="com.simplilearn.phase2.Phase2_selenium_tetsng.amazonHomepageTest" name="testAmazonHomePageTitle2" time="6.523"/>
  <testcase classname="com.simplilearn.phase2.Phase2_selenium_tetsng.amazonHomepageTest" name="testAmazonHomePageTitle" time="9.585"/>
  <testcase classname="com.simplilearn.phase2.Phase2_selenium_tetsng.amazonHomepageTest" name="testAmazonHomePageSourceUrl" time="7.296"/>
</testsuite> <!-- com.simplilearn.phase2.Phase2_selenium_tetsng.amazonHomepageTest -->
