<?xml version="1.0" encoding="UTF-8"?>
<!-- Generated by org.testng.reporters.JUnitReportReporter -->
<testsuite hostname="Nik" failures="0" tests="2" name="com.simplilearn.phase2.Phase2_selenium_tetsng.AmazonLinkVerificationTest" time="25.989" errors="0" timestamp="2023-12-20T15:19:03 IST" skipped="0">
  <testcase classname="com.simplilearn.phase2.Phase2_selenium_tetsng.AmazonLinkVerificationTest" name="tdLinkTest2" time="12.178"/>
  <testcase classname="com.simplilearn.phase2.Phase2_selenium_tetsng.AmazonLinkVerificationTest" name="tdLinkTest1" time="13.811"/>
</testsuite> <!-- com.simplilearn.phase2.Phase2_selenium_tetsng.AmazonLinkVerificationTest -->
