<?xml version="1.0" encoding="UTF-8"?>
<!-- Generated by org.testng.reporters.JUnitReportReporter -->
<testsuite hostname="Nik" failures="0" tests="2" name="com.simplilearn.phase2.Phase2_selenium_tetsng.AmazonSearchTest" time="5.160" errors="0" timestamp="2023-12-20T16:52:55 IST" skipped="0">
  <testcase classname="com.simplilearn.phase2.Phase2_selenium_tetsng.AmazonSearchTest" name="testSearch2" time="2.273"/>
  <testcase classname="com.simplilearn.phase2.Phase2_selenium_tetsng.AmazonSearchTest" name="testSearch1" time="2.887"/>
</testsuite> <!-- com.simplilearn.phase2.Phase2_selenium_tetsng.AmazonSearchTest -->
